DEBUG:root:AREA14 PROCESS STARTED: 2018-11-05 14:53:40.087530
DEBUG:root:Calculating chart condition stats..
DEBUG:root:Updating Chart Condition Stats
DEBUG:root:AREA14 PROCESS ENDED: 2018-11-05 14:54:43.909165
DEBUG:root:AREA9 PROCESS STARTED: 2018-11-05 14:54:43.913166
DEBUG:root:Calculating chart condition stats..
DEBUG:root:Updating Chart Condition Stats
DEBUG:root:AREA14 PROCESS STARTED: 2018-11-05 14:58:08.731183
DEBUG:root:AREA14 PROCESS ENDED: 2018-11-05 14:58:08.735180
DEBUG:root:AREA9 PROCESS STARTED: 2018-11-05 14:58:08.739178
DEBUG:root:AREA9 PROCESS ENDED: 2018-11-05 14:58:08.743164
DEBUG:root:PROCESS COMPLETE: 2018-11-05 14:58:08.747174
DEBUG:root:AREA14 PROCESS STARTED: 2018-11-05 15:01:18.486745
DEBUG:root:Calculating chart condition stats..
DEBUG:root:Updating Chart Condition Stats
DEBUG:root:AREA14 PROCESS ENDED: 2018-11-05 15:01:58.289983
DEBUG:root:AREA9 PROCESS STARTED: 2018-11-05 15:01:58.296977
DEBUG:root:Calculating chart condition stats..
DEBUG:root:Updating Chart Condition Stats
DEBUG:root:AREA14 PROCESS STARTED: 2018-11-05 15:04:26.984272
DEBUG:root:Calculating chart condition stats..
DEBUG:root:Updating Chart Condition Stats
DEBUG:root:AREA14 PROCESS ENDED: 2018-11-05 15:05:08.550821
DEBUG:root:AREA9 PROCESS STARTED: 2018-11-05 15:05:08.566812
DEBUG:root:Calculating chart condition stats..
DEBUG:root:Updating Chart Condition Stats
DEBUG:root:AREA9 PROCESS ENDED: 2018-11-05 15:05:50.878885
DEBUG:root:PROCESS COMPLETE: 2018-11-05 15:05:50.888881
DEBUG:root:AREA9 PROCESS STARTED: 2018-11-05 15:12:21.179395
DEBUG:root:Calculating chart condition stats..
DEBUG:root:Updating Chart Condition Stats
DEBUG:root:AREA9 PROCESS ENDED: 2018-11-05 15:13:07.214520
DEBUG:root:PROCESS COMPLETE: 2018-11-05 15:13:07.221516
